2021-04-20 13:14:42 - Starting C:\Program Files\nodejs\node.exe  --harmony D:\Technologies\React\React-software-apps\StichPad\stichpad-server\node_modules\node-windows\lib\wrapper.js --file D:\Technologies\React\React-software-apps\StichPad\stichpad-server\index.js --scriptoptions= --log "stichpad-db-service wrapper" --grow 0.25 --wait 1 --maxrestarts 3 --abortonerror n --stopparentfirst undefined
2021-04-20 13:14:42 - Started 15288
2021-04-20 13:16:35 - Starting C:\Program Files\nodejs\node.exe  --harmony D:\Technologies\React\React-software-apps\StichPad\stichpad-server\node_modules\node-windows\lib\wrapper.js --file D:\Technologies\React\React-software-apps\StichPad\stichpad-server\index.js --scriptoptions= --log "stichpad-db-service wrapper" --grow 0.25 --wait 1 --maxrestarts 3 --abortonerror n --stopparentfirst undefined
2021-04-20 13:16:35 - Started 2344
2021-04-20 13:17:42 - Starting C:\Program Files\nodejs\node.exe  --harmony D:\Technologies\React\React-software-apps\StichPad\stichpad-server\node_modules\node-windows\lib\wrapper.js --file D:\Technologies\React\React-software-apps\StichPad\stichpad-server\index.js --scriptoptions= --log "stichpad-db-service wrapper" --grow 0.25 --wait 1 --maxrestarts 3 --abortonerror n --stopparentfirst undefined
2021-04-20 13:17:42 - Started 6780
2021-04-22 21:26:58 - Starting C:\Program Files\nodejs\node.exe  --harmony D:\Technologies\React\React-software-apps\StichPad\stichpad-server\node_modules\node-windows\lib\wrapper.js --file D:\Technologies\React\React-software-apps\StichPad\stichpad-server\index.js --scriptoptions= --log "stichpad-db-service wrapper" --grow 0.25 --wait 1 --maxrestarts 3 --abortonerror n --stopparentfirst undefined
2021-04-22 21:26:58 - Started 5864
2021-04-28 21:23:38 - Starting C:\Program Files\nodejs\node.exe  --harmony D:\Technologies\React\React-software-apps\StichPad\stichpad-server\node_modules\node-windows\lib\wrapper.js --file D:\Technologies\React\React-software-apps\StichPad\stichpad-server\index.js --scriptoptions= --log "stichpad-db-service wrapper" --grow 0.25 --wait 1 --maxrestarts 3 --abortonerror n --stopparentfirst undefined
2021-04-28 21:23:38 - Started 6396
2021-05-03 15:39:24 - Starting C:\Program Files\nodejs\node.exe  --harmony D:\Technologies\React\React-software-apps\StichPad\stichpad-server\node_modules\node-windows\lib\wrapper.js --file D:\Technologies\React\React-software-apps\StichPad\stichpad-server\index.js --scriptoptions= --log "stichpad-db-service wrapper" --grow 0.25 --wait 1 --maxrestarts 3 --abortonerror n --stopparentfirst undefined
2021-05-03 15:39:24 - Started 6244
2021-05-11 17:37:57 - Starting C:\Program Files\nodejs\node.exe  --harmony D:\Technologies\React\React-software-apps\StichPad\stichpad-server\node_modules\node-windows\lib\wrapper.js --file D:\Technologies\React\React-software-apps\StichPad\stichpad-server\index.js --scriptoptions= --log "stichpad-db-service wrapper" --grow 0.25 --wait 1 --maxrestarts 3 --abortonerror n --stopparentfirst undefined
2021-05-11 17:37:57 - Started 5984
2021-05-13 21:54:36 - Stopping stichpaddbservice.exe
2021-05-13 21:54:36 - ProcessKill 5984
2021-05-13 21:54:36 - Shutdown exception
Message:A system shutdown is in progress.

Stacktrace:   at System.Runtime.InteropServices.Marshal.ThrowExceptionForHRInternal(Int32 errorCode, IntPtr errorInfo)
   at System.Management.ManagementScope.InitializeGuts(Object o)
   at System.Management.ManagementScope.Initialize()
   at System.Management.ManagementObjectSearcher.Initialize()
   at System.Management.ManagementObjectSearcher.Get()
   at winsw.WrapperService.GetChildPids(Int32 pid)
   at winsw.WrapperService.StopProcessAndChildren(Int32 pid)
   at winsw.WrapperService.StopIt()
   at winsw.WrapperService.OnShutdown()
2021-05-13 21:55:08 - Starting C:\Program Files\nodejs\node.exe  --harmony D:\Technologies\React\React-software-apps\StichPad\stichpad-server\node_modules\node-windows\lib\wrapper.js --file D:\Technologies\React\React-software-apps\StichPad\stichpad-server\index.js --scriptoptions= --log "stichpad-db-service wrapper" --grow 0.25 --wait 1 --maxrestarts 3 --abortonerror n --stopparentfirst undefined
2021-05-13 21:55:08 - Started 6208
2021-05-14 15:57:35 - Stopping stichpaddbservice.exe
2021-05-14 15:57:35 - ProcessKill 6208
2021-05-14 15:57:35 - Shutdown exception
Message:A system shutdown is in progress.

Stacktrace:   at System.Runtime.InteropServices.Marshal.ThrowExceptionForHRInternal(Int32 errorCode, IntPtr errorInfo)
   at System.Management.ManagementScope.InitializeGuts(Object o)
   at System.Management.ManagementScope.Initialize()
   at System.Management.ManagementObjectSearcher.Initialize()
   at System.Management.ManagementObjectSearcher.Get()
   at winsw.WrapperService.GetChildPids(Int32 pid)
   at winsw.WrapperService.StopProcessAndChildren(Int32 pid)
   at winsw.WrapperService.StopIt()
   at winsw.WrapperService.OnShutdown()
2021-05-14 15:58:08 - Starting C:\Program Files\nodejs\node.exe  --harmony D:\Technologies\React\React-software-apps\StichPad\stichpad-server\node_modules\node-windows\lib\wrapper.js --file D:\Technologies\React\React-software-apps\StichPad\stichpad-server\index.js --scriptoptions= --log "stichpad-db-service wrapper" --grow 0.25 --wait 1 --maxrestarts 3 --abortonerror n --stopparentfirst undefined
2021-05-14 15:58:08 - Started 6040
2021-05-14 16:00:47 - Stopping stichpaddbservice.exe
2021-05-14 16:00:47 - ProcessKill 6040
2021-05-14 16:00:47 - Shutdown exception
Message:Class not registered

Stacktrace:   at System.Runtime.InteropServices.Marshal.ThrowExceptionForHRInternal(Int32 errorCode, IntPtr errorInfo)
   at System.Management.ManagementScope.InitializeGuts(Object o)
   at System.Management.ManagementScope.Initialize()
   at System.Management.ManagementObjectSearcher.Initialize()
   at System.Management.ManagementObjectSearcher.Get()
   at winsw.WrapperService.GetChildPids(Int32 pid)
   at winsw.WrapperService.StopProcessAndChildren(Int32 pid)
   at winsw.WrapperService.StopIt()
   at winsw.WrapperService.OnShutdown()
2021-05-14 17:17:23 - Starting C:\Program Files\nodejs\node.exe  --harmony D:\Technologies\React\React-software-apps\StichPad\stichpad-server\node_modules\node-windows\lib\wrapper.js --file D:\Technologies\React\React-software-apps\StichPad\stichpad-server\index.js --scriptoptions= --log "stichpad-db-service wrapper" --grow 0.25 --wait 1 --maxrestarts 3 --abortonerror n --stopparentfirst undefined
2021-05-14 17:17:23 - Started 6408
2021-05-23 21:13:41 - Starting C:\Program Files\nodejs\node.exe  --harmony D:\Technologies\React\React-software-apps\StichPad\stichpad-server\node_modules\node-windows\lib\wrapper.js --file D:\Technologies\React\React-software-apps\StichPad\stichpad-server\index.js --scriptoptions= --log "stichpad-db-service wrapper" --grow 0.25 --wait 1 --maxrestarts 3 --abortonerror n --stopparentfirst undefined
2021-05-23 21:13:41 - Started 5976
2021-06-12 20:14:56 - Starting C:\Program Files\nodejs\node.exe  --harmony D:\Technologies\React\React-software-apps\StichPad\stichpad-server\node_modules\node-windows\lib\wrapper.js --file D:\Technologies\React\React-software-apps\StichPad\stichpad-server\index.js --scriptoptions= --log "stichpad-db-service wrapper" --grow 0.25 --wait 1 --maxrestarts 3 --abortonerror n --stopparentfirst undefined
2021-06-12 20:14:57 - Started 6388
2021-06-12 21:45:48 - Stopping stichpaddbservice.exe
2021-06-12 21:45:48 - ProcessKill 6388
2021-06-12 21:45:48 - Found child process: 6412 Name: conhost.exe
2021-06-12 21:45:48 - Found child process: 11712 Name: node.exe
2021-06-12 21:45:48 - Stopping process 6412
2021-06-12 21:45:49 - Send SIGINT 6412
2021-06-12 21:45:49 - SIGINT to 6412 failed - Killing as fallback
2021-06-12 21:45:49 - Stopping process 11712
2021-06-12 21:45:49 - Send SIGINT 11712
2021-06-12 21:45:49 - SIGINT to 11712 failed - Killing as fallback
2021-06-12 21:45:49 - Stopping process 6388
2021-06-12 21:45:49 - Send SIGINT 6388
2021-06-12 21:45:49 - SIGINT to 6388 failed - Killing as fallback
2021-06-12 21:45:49 - Finished stichpaddbservice.exe
2021-06-28 20:39:54 - Starting C:\Program Files\nodejs\node.exe  --harmony D:\Technologies\React\React-software-apps\StichPad\stichpad-server\node_modules\node-windows\lib\wrapper.js --file D:\Technologies\React\React-software-apps\StichPad\stichpad-server\index.js --scriptoptions= --log "stichpad-db-service wrapper" --grow 0.25 --wait 1 --maxrestarts 3 --abortonerror n --stopparentfirst undefined
2021-06-28 20:39:54 - Started 7156
2021-07-01 17:02:48 - Stopping stichpaddbservice.exe
2021-07-01 17:02:48 - ProcessKill 7156
2021-07-01 17:02:49 - Shutdown exception
Message:A system shutdown is in progress.

Stacktrace:   at System.Runtime.InteropServices.Marshal.ThrowExceptionForHRInternal(Int32 errorCode, IntPtr errorInfo)
   at System.Management.ManagementScope.InitializeGuts(Object o)
   at System.Management.ManagementScope.Initialize()
   at System.Management.ManagementObjectSearcher.Initialize()
   at System.Management.ManagementObjectSearcher.Get()
   at winsw.WrapperService.GetChildPids(Int32 pid)
   at winsw.WrapperService.StopProcessAndChildren(Int32 pid)
   at winsw.WrapperService.StopIt()
   at winsw.WrapperService.OnShutdown()
2021-07-01 17:03:25 - Starting C:\Program Files\nodejs\node.exe  --harmony D:\Technologies\React\React-software-apps\StichPad\stichpad-server\node_modules\node-windows\lib\wrapper.js --file D:\Technologies\React\React-software-apps\StichPad\stichpad-server\index.js --scriptoptions= --log "stichpad-db-service wrapper" --grow 0.25 --wait 1 --maxrestarts 3 --abortonerror n --stopparentfirst undefined
2021-07-01 17:03:25 - Started 6684
2021-07-01 22:34:16 - Starting C:\Program Files\nodejs\node.exe  --harmony D:\Technologies\React\React-software-apps\StichPad\stichpad-server\node_modules\node-windows\lib\wrapper.js --file D:\Technologies\React\React-software-apps\StichPad\stichpad-server\index.js --scriptoptions= --log "stichpad-db-service wrapper" --grow 0.25 --wait 1 --maxrestarts 3 --abortonerror n --stopparentfirst undefined
2021-07-01 22:34:16 - Started 7136
